<?xml version="1.0" encoding="UTF-8"?>
<!-- Generated by org.testng.reporters.JUnitReportReporter -->
<testsuite skipped="0" hostname="DESKTOP-GUE8DDV" name="qaclickacademy.AppiumTest" tests="2" failures="0" timestamp="30 Mar 2020 20:16:13 GMT" time="0.008" errors="0">
  <testcase name="NativeAppAndroid" time="0.000" classname="qaclickacademy.AppiumTest"/>
  <testcase name="IOSApp" time="0.008" classname="qaclickacademy.AppiumTest"/>
</testsuite> <!-- qaclickacademy.AppiumTest -->
